2026-01-01 20:49:48:4948 [32minfo[39m: [32mserver started[39m
2026-01-01 20:59:46:5946 [32minfo[39m: [32mserver started[39m
2026-01-01 21:01:29:129 [32minfo[39m: [32mserver started[39m
2026-01-01 21:01:30:130 [32minfo[39m: [32mHTTP server closed successfully.[39m
2026-01-02 12:02:24:224 [32minfo[39m: [32mserver started[39m
2026-01-02 12:02:51:251 [32minfo[39m: [32mHTTP server closed successfully.[39m
2026-01-02 12:02:54:254 [32minfo[39m: [32mserver started[39m
2026-01-02 12:03:05:35 [32minfo[39m: [32mHTTP server closed successfully.[39m
2026-01-02 12:03:26:326 [32minfo[39m: [32mserver started[39m
2026-01-02 14:49:31:4931 [32minfo[39m: [32mHTTP server closed successfully.[39m
2026-01-03 10:23:17:2317 [32minfo[39m: [32mserver started[39m
2026-01-03 10:23:17:2317 [32minfo[39m: [32m✅ Connected to MongoDB[39m
2026-01-03 10:24:27:2427 [32minfo[39m: [32mserver started[39m
2026-01-03 10:24:27:2427 [32minfo[39m: [32m✅ Connected to MongoDB[39m
2026-01-03 12:16:15:1615 [32minfo[39m: [32mHTTP server closed successfully.[39m
2026-01-03 12:19:46:1946 [32minfo[39m: [32mserver started[39m
2026-01-03 12:19:46:1946 [32minfo[39m: [32m✅ Connected to MongoDB[39m
2026-01-03 12:19:46:1946 [32minfo[39m: [32m🔥 Claimed Job: job-immediate-1 (Type: SEND_EMAIL)[39m
2026-01-03 12:19:46:1946 [32minfo[39m: [32m🔥 Claimed Job: job-immediate-2 (Type: PROCESS_IMAGE)[39m
2026-01-03 12:19:46:1946 [32minfo[39m: [32m🔥 Claimed Job: job-future-1 (Type: SEND_EMAIL)[39m
2026-01-03 12:22:46:2246 [32minfo[39m: [32mHTTP server closed successfully.[39m
2026-01-03 13:31:16:3116 [32minfo[39m: [32mserver started[39m
2026-01-03 13:31:16:3116 [32minfo[39m: [32m✅ Connected to MongoDB[39m
2026-01-03 13:31:18:3118 [32minfo[39m: [32mHTTP server closed successfully.[39m
2026-01-03 19:54:31:5431 [32minfo[39m: [32mserver started[39m
2026-01-03 19:54:31:5431 [32minfo[39m: [32m✅ Connected to MongoDB[39m
2026-01-03 19:55:36:5536 [32minfo[39m: [32m🔥 Claimed Job: job-immediate-1 (Type: undefined)[39m
2026-01-03 19:56:36:5636 [32minfo[39m: [32m🔥 Claimed Job: job-immediate-2 (Type: undefined)[39m
2026-01-03 19:57:36:5736 [32minfo[39m: [32m🔥 Claimed Job: job-future-1 (Type: undefined)[39m
2026-01-03 20:01:36:136 [32minfo[39m: [32m🔥 Claimed Job: job-immediate-1 (Type: undefined)[39m
2026-01-03 20:02:36:236 [32minfo[39m: [32m🔥 Claimed Job: job-immediate-2 (Type: undefined)[39m
2026-01-03 20:03:36:336 [32minfo[39m: [32m🔥 Claimed Job: job-future-1 (Type: undefined)[39m
2026-01-03 20:07:36:736 [32minfo[39m: [32m🔥 Claimed Job: job-immediate-1 (Type: undefined)[39m
2026-01-03 20:08:36:836 [32minfo[39m: [32m🔥 Claimed Job: job-immediate-2 (Type: undefined)[39m
2026-01-03 20:09:36:936 [32minfo[39m: [32m🔥 Claimed Job: job-future-1 (Type: undefined)[39m
2026-01-03 20:13:36:1336 [32minfo[39m: [32m🔥 Claimed Job: job-immediate-1 (Type: undefined)[39m
2026-01-03 20:14:36:1436 [32minfo[39m: [32m🔥 Claimed Job: job-immediate-2 (Type: undefined)[39m
2026-01-03 20:15:36:1536 [32minfo[39m: [32m🔥 Claimed Job: job-future-1 (Type: undefined)[39m
2026-01-03 20:19:36:1936 [32minfo[39m: [32m🔥 Claimed Job: job-immediate-1 (Type: undefined)[39m
2026-01-03 20:20:36:2036 [32minfo[39m: [32m🔥 Claimed Job: job-immediate-2 (Type: undefined)[39m
2026-01-03 20:21:36:2136 [32minfo[39m: [32m🔥 Claimed Job: job-future-1 (Type: undefined)[39m
2026-01-03 20:25:36:2536 [32minfo[39m: [32m🔥 Claimed Job: job-immediate-1 (Type: undefined)[39m
2026-01-03 20:26:36:2636 [32minfo[39m: [32m🔥 Claimed Job: job-immediate-2 (Type: undefined)[39m
2026-01-03 20:27:36:2736 [32minfo[39m: [32m🔥 Claimed Job: job-future-1 (Type: undefined)[39m
2026-01-03 20:31:36:3136 [32minfo[39m: [32m🔥 Claimed Job: job-immediate-1 (Type: undefined)[39m
